mode: set
github.com/deliveryhero/spring-cloud-config-client-go/src/springconfigresolver/resolver.go:17.21,19.2 1 1
github.com/deliveryhero/spring-cloud-config-client-go/src/springconfigresolver/resolver.go:21.47,22.35 1 1
github.com/deliveryhero/spring-cloud-config-client-go/src/springconfigresolver/resolver.go:44.2,44.12 1 1
github.com/deliveryhero/spring-cloud-config-client-go/src/springconfigresolver/resolver.go:22.35,25.23 3 1
github.com/deliveryhero/spring-cloud-config-client-go/src/springconfigresolver/resolver.go:29.3,32.17 4 1
github.com/deliveryhero/spring-cloud-config-client-go/src/springconfigresolver/resolver.go:35.3,37.21 2 1
github.com/deliveryhero/spring-cloud-config-client-go/src/springconfigresolver/resolver.go:41.3,41.18 1 1
github.com/deliveryhero/spring-cloud-config-client-go/src/springconfigresolver/resolver.go:25.23,27.4 1 0
github.com/deliveryhero/spring-cloud-config-client-go/src/springconfigresolver/resolver.go:32.17,34.4 1 1
github.com/deliveryhero/spring-cloud-config-client-go/src/springconfigresolver/resolver.go:37.21,39.4 1 1
github.com/deliveryhero/spring-cloud-config-client-go/src/springconfighttpclient/client.go:36.43,39.28 2 0
github.com/deliveryhero/spring-cloud-config-client-go/src/springconfighttpclient/client.go:42.2,42.10 1 0
github.com/deliveryhero/spring-cloud-config-client-go/src/springconfighttpclient/client.go:39.28,41.3 1 0
github.com/deliveryhero/spring-cloud-config-client-go/src/springconfighttpclient/client.go:46.50,47.25 1 0
github.com/deliveryhero/spring-cloud-config-client-go/src/springconfighttpclient/client.go:47.25,49.3 1 0
github.com/deliveryhero/spring-cloud-config-client-go/src/springconfighttpclient/client.go:53.50,54.25 1 0
github.com/deliveryhero/spring-cloud-config-client-go/src/springconfighttpclient/client.go:54.25,56.3 1 0
github.com/deliveryhero/spring-cloud-config-client-go/src/springconfighttpclient/client.go:60.40,61.25 1 0
github.com/deliveryhero/spring-cloud-config-client-go/src/springconfighttpclient/client.go:61.25,63.3 1 0
github.com/deliveryhero/spring-cloud-config-client-go/src/springconfighttpclient/client.go:66.64,67.25 1 0
github.com/deliveryhero/spring-cloud-config-client-go/src/springconfighttpclient/client.go:67.25,74.3 5 0
github.com/deliveryhero/spring-cloud-config-client-go/src/springconfighttpclient/client.go:78.54,80.2 1 0
github.com/deliveryhero/spring-cloud-config-client-go/src/springconfighttpclient/client.go:83.54,85.2 1 0
github.com/deliveryhero/spring-cloud-config-client-go/src/springconfighttpclient/client.go:88.55,90.2 1 0
github.com/deliveryhero/spring-cloud-config-client-go/src/springconfighttpclient/client.go:97.27,99.16 2 0
github.com/deliveryhero/spring-cloud-config-client-go/src/springconfighttpclient/client.go:108.2,109.16 2 0
github.com/deliveryhero/spring-cloud-config-client-go/src/springconfighttpclient/client.go:118.2,124.16 6 0
github.com/deliveryhero/spring-cloud-config-client-go/src/springconfighttpclient/client.go:133.2,133.15 1 0
github.com/deliveryhero/spring-cloud-config-client-go/src/springconfighttpclient/client.go:137.2,138.16 2 0
github.com/deliveryhero/spring-cloud-config-client-go/src/springconfighttpclient/client.go:148.2,148.37 1 0
github.com/deliveryhero/spring-cloud-config-client-go/src/springconfighttpclient/client.go:156.2,157.21 2 0
github.com/deliveryhero/spring-cloud-config-client-go/src/springconfighttpclient/client.go:164.2,166.3 1 0
github.com/deliveryhero/spring-cloud-config-client-go/src/springconfighttpclient/client.go:99.16,100.22 1 0
github.com/deliveryhero/spring-cloud-config-client-go/src/springconfighttpclient/client.go:105.3,105.77 1 0
github.com/deliveryhero/spring-cloud-config-client-go/src/springconfighttpclient/client.go:100.22,104.4 1 0
github.com/deliveryhero/spring-cloud-config-client-go/src/springconfighttpclient/client.go:109.16,110.22 1 0
github.com/deliveryhero/spring-cloud-config-client-go/src/springconfighttpclient/client.go:115.3,115.79 1 0
github.com/deliveryhero/spring-cloud-config-client-go/src/springconfighttpclient/client.go:110.22,114.4 1 0
github.com/deliveryhero/spring-cloud-config-client-go/src/springconfighttpclient/client.go:124.16,125.22 1 0
github.com/deliveryhero/spring-cloud-config-client-go/src/springconfighttpclient/client.go:130.3,130.71 1 0
github.com/deliveryhero/spring-cloud-config-client-go/src/springconfighttpclient/client.go:125.22,129.4 1 0
github.com/deliveryhero/spring-cloud-config-client-go/src/springconfighttpclient/client.go:133.15,135.3 1 0
github.com/deliveryhero/spring-cloud-config-client-go/src/springconfighttpclient/client.go:138.16,139.22 1 0
github.com/deliveryhero/spring-cloud-config-client-go/src/springconfighttpclient/client.go:144.3,144.77 1 0
github.com/deliveryhero/spring-cloud-config-client-go/src/springconfighttpclient/client.go:139.22,143.4 1 0
github.com/deliveryhero/spring-cloud-config-client-go/src/springconfighttpclient/client.go:148.37,150.56 2 0
github.com/deliveryhero/spring-cloud-config-client-go/src/springconfighttpclient/client.go:153.3,153.19 1 0
github.com/deliveryhero/spring-cloud-config-client-go/src/springconfighttpclient/client.go:150.56,152.4 1 0
github.com/deliveryhero/spring-cloud-config-client-go/src/springconfighttpclient/client.go:157.21,163.3 1 0
github.com/deliveryhero/spring-cloud-config-client-go/src/springconfigclient/client.go:33.116,40.2 1 0
github.com/deliveryhero/spring-cloud-config-client-go/src/springconfigclient/client.go:42.43,50.16 3 0
github.com/deliveryhero/spring-cloud-config-client-go/src/springconfigclient/client.go:54.2,57.62 3 0
github.com/deliveryhero/spring-cloud-config-client-go/src/springconfigclient/client.go:75.2,77.12 2 0
github.com/deliveryhero/spring-cloud-config-client-go/src/springconfigclient/client.go:50.16,52.3 1 0
github.com/deliveryhero/spring-cloud-config-client-go/src/springconfigclient/client.go:57.62,61.35 3 0
github.com/deliveryhero/spring-cloud-config-client-go/src/springconfigclient/client.go:61.35,63.11 2 0
github.com/deliveryhero/spring-cloud-config-client-go/src/springconfigclient/client.go:67.4,69.33 2 0
github.com/deliveryhero/spring-cloud-config-client-go/src/springconfigclient/client.go:63.11,64.13 1 0
github.com/deliveryhero/spring-cloud-config-client-go/src/springconfigclient/client.go:69.33,71.5 1 0
github.com/deliveryhero/spring-cloud-config-client-go/src/springconfigclient/client.go:80.56,82.8 2 0
github.com/deliveryhero/spring-cloud-config-client-go/src/springconfigclient/client.go:86.2,86.23 1 0
github.com/deliveryhero/spring-cloud-config-client-go/src/springconfigclient/client.go:82.8,84.3 1 0
github.com/deliveryhero/spring-cloud-config-client-go/src/springconfighttpclient/client.go:36.43,39.28 2 1
github.com/deliveryhero/spring-cloud-config-client-go/src/springconfighttpclient/client.go:42.2,42.10 1 1
github.com/deliveryhero/spring-cloud-config-client-go/src/springconfighttpclient/client.go:39.28,41.3 1 1
github.com/deliveryhero/spring-cloud-config-client-go/src/springconfighttpclient/client.go:46.50,47.25 1 1
github.com/deliveryhero/spring-cloud-config-client-go/src/springconfighttpclient/client.go:47.25,49.3 1 1
github.com/deliveryhero/spring-cloud-config-client-go/src/springconfighttpclient/client.go:53.50,54.25 1 1
github.com/deliveryhero/spring-cloud-config-client-go/src/springconfighttpclient/client.go:54.25,56.3 1 1
github.com/deliveryhero/spring-cloud-config-client-go/src/springconfighttpclient/client.go:60.40,61.25 1 1
github.com/deliveryhero/spring-cloud-config-client-go/src/springconfighttpclient/client.go:61.25,63.3 1 1
github.com/deliveryhero/spring-cloud-config-client-go/src/springconfighttpclient/client.go:66.64,67.25 1 1
github.com/deliveryhero/spring-cloud-config-client-go/src/springconfighttpclient/client.go:67.25,74.3 5 1
github.com/deliveryhero/spring-cloud-config-client-go/src/springconfighttpclient/client.go:78.54,80.2 1 1
github.com/deliveryhero/spring-cloud-config-client-go/src/springconfighttpclient/client.go:83.54,85.2 1 0
github.com/deliveryhero/spring-cloud-config-client-go/src/springconfighttpclient/client.go:88.55,90.2 1 0
github.com/deliveryhero/spring-cloud-config-client-go/src/springconfighttpclient/client.go:97.27,99.16 2 1
github.com/deliveryhero/spring-cloud-config-client-go/src/springconfighttpclient/client.go:108.2,109.16 2 1
github.com/deliveryhero/spring-cloud-config-client-go/src/springconfighttpclient/client.go:118.2,124.16 6 1
github.com/deliveryhero/spring-cloud-config-client-go/src/springconfighttpclient/client.go:133.2,133.15 1 1
github.com/deliveryhero/spring-cloud-config-client-go/src/springconfighttpclient/client.go:137.2,138.16 2 1
github.com/deliveryhero/spring-cloud-config-client-go/src/springconfighttpclient/client.go:148.2,148.37 1 1
github.com/deliveryhero/spring-cloud-config-client-go/src/springconfighttpclient/client.go:156.2,157.21 2 0
github.com/deliveryhero/spring-cloud-config-client-go/src/springconfighttpclient/client.go:164.2,166.3 1 0
github.com/deliveryhero/spring-cloud-config-client-go/src/springconfighttpclient/client.go:99.16,100.22 1 0
github.com/deliveryhero/spring-cloud-config-client-go/src/springconfighttpclient/client.go:105.3,105.77 1 0
github.com/deliveryhero/spring-cloud-config-client-go/src/springconfighttpclient/client.go:100.22,104.4 1 0
github.com/deliveryhero/spring-cloud-config-client-go/src/springconfighttpclient/client.go:109.16,110.22 1 0
github.com/deliveryhero/spring-cloud-config-client-go/src/springconfighttpclient/client.go:115.3,115.79 1 0
github.com/deliveryhero/spring-cloud-config-client-go/src/springconfighttpclient/client.go:110.22,114.4 1 0
github.com/deliveryhero/spring-cloud-config-client-go/src/springconfighttpclient/client.go:124.16,125.22 1 0
github.com/deliveryhero/spring-cloud-config-client-go/src/springconfighttpclient/client.go:130.3,130.71 1 0
github.com/deliveryhero/spring-cloud-config-client-go/src/springconfighttpclient/client.go:125.22,129.4 1 0
github.com/deliveryhero/spring-cloud-config-client-go/src/springconfighttpclient/client.go:133.15,135.3 1 1
github.com/deliveryhero/spring-cloud-config-client-go/src/springconfighttpclient/client.go:138.16,139.22 1 0
github.com/deliveryhero/spring-cloud-config-client-go/src/springconfighttpclient/client.go:144.3,144.77 1 0
github.com/deliveryhero/spring-cloud-config-client-go/src/springconfighttpclient/client.go:139.22,143.4 1 0
github.com/deliveryhero/spring-cloud-config-client-go/src/springconfighttpclient/client.go:148.37,150.56 2 1
github.com/deliveryhero/spring-cloud-config-client-go/src/springconfighttpclient/client.go:153.3,153.19 1 1
github.com/deliveryhero/spring-cloud-config-client-go/src/springconfighttpclient/client.go:150.56,152.4 1 0
github.com/deliveryhero/spring-cloud-config-client-go/src/springconfighttpclient/client.go:157.21,163.3 1 0
github.com/deliveryhero/spring-cloud-config-client-go/src/springconfigresolver/resolver.go:17.21,19.2 1 1
github.com/deliveryhero/spring-cloud-config-client-go/src/springconfigresolver/resolver.go:21.47,22.35 1 1
github.com/deliveryhero/spring-cloud-config-client-go/src/springconfigresolver/resolver.go:44.2,44.12 1 1
github.com/deliveryhero/spring-cloud-config-client-go/src/springconfigresolver/resolver.go:22.35,25.23 3 1
github.com/deliveryhero/spring-cloud-config-client-go/src/springconfigresolver/resolver.go:29.3,32.17 4 1
github.com/deliveryhero/spring-cloud-config-client-go/src/springconfigresolver/resolver.go:35.3,37.21 2 1
github.com/deliveryhero/spring-cloud-config-client-go/src/springconfigresolver/resolver.go:41.3,41.18 1 1
github.com/deliveryhero/spring-cloud-config-client-go/src/springconfigresolver/resolver.go:25.23,27.4 1 0
github.com/deliveryhero/spring-cloud-config-client-go/src/springconfigresolver/resolver.go:32.17,34.4 1 1
github.com/deliveryhero/spring-cloud-config-client-go/src/springconfigresolver/resolver.go:37.21,39.4 1 1
github.com/deliveryhero/spring-cloud-config-client-go/src/springconfigclient/client.go:33.116,40.2 1 1
github.com/deliveryhero/spring-cloud-config-client-go/src/springconfigclient/client.go:42.43,50.16 3 1
github.com/deliveryhero/spring-cloud-config-client-go/src/springconfigclient/client.go:54.2,57.62 3 1
github.com/deliveryhero/spring-cloud-config-client-go/src/springconfigclient/client.go:75.2,77.12 2 1
github.com/deliveryhero/spring-cloud-config-client-go/src/springconfigclient/client.go:50.16,52.3 1 0
github.com/deliveryhero/spring-cloud-config-client-go/src/springconfigclient/client.go:57.62,61.35 3 1
github.com/deliveryhero/spring-cloud-config-client-go/src/springconfigclient/client.go:61.35,63.11 2 1
github.com/deliveryhero/spring-cloud-config-client-go/src/springconfigclient/client.go:67.4,69.33 2 1
github.com/deliveryhero/spring-cloud-config-client-go/src/springconfigclient/client.go:63.11,64.13 1 0
github.com/deliveryhero/spring-cloud-config-client-go/src/springconfigclient/client.go:69.33,71.5 1 1
github.com/deliveryhero/spring-cloud-config-client-go/src/springconfigclient/client.go:80.56,82.8 2 1
github.com/deliveryhero/spring-cloud-config-client-go/src/springconfigclient/client.go:86.2,86.23 1 1
github.com/deliveryhero/spring-cloud-config-client-go/src/springconfigclient/client.go:82.8,84.3 1 1
github.com/deliveryhero/spring-cloud-config-client-go/src/springconfigresolver/resolver.go:17.21,19.2 1 0
github.com/deliveryhero/spring-cloud-config-client-go/src/springconfigresolver/resolver.go:21.47,22.35 1 0
github.com/deliveryhero/spring-cloud-config-client-go/src/springconfigresolver/resolver.go:44.2,44.12 1 0
github.com/deliveryhero/spring-cloud-config-client-go/src/springconfigresolver/resolver.go:22.35,25.23 3 0
github.com/deliveryhero/spring-cloud-config-client-go/src/springconfigresolver/resolver.go:29.3,32.17 4 0
github.com/deliveryhero/spring-cloud-config-client-go/src/springconfigresolver/resolver.go:35.3,37.21 2 0
github.com/deliveryhero/spring-cloud-config-client-go/src/springconfigresolver/resolver.go:41.3,41.18 1 0
github.com/deliveryhero/spring-cloud-config-client-go/src/springconfigresolver/resolver.go:25.23,27.4 1 0
github.com/deliveryhero/spring-cloud-config-client-go/src/springconfigresolver/resolver.go:32.17,34.4 1 0
github.com/deliveryhero/spring-cloud-config-client-go/src/springconfigresolver/resolver.go:37.21,39.4 1 0
github.com/deliveryhero/spring-cloud-config-client-go/src/springconfigclient/client.go:33.116,40.2 1 0
github.com/deliveryhero/spring-cloud-config-client-go/src/springconfigclient/client.go:42.43,50.16 3 0
github.com/deliveryhero/spring-cloud-config-client-go/src/springconfigclient/client.go:54.2,57.62 3 0
github.com/deliveryhero/spring-cloud-config-client-go/src/springconfigclient/client.go:75.2,77.12 2 0
github.com/deliveryhero/spring-cloud-config-client-go/src/springconfigclient/client.go:50.16,52.3 1 0
github.com/deliveryhero/spring-cloud-config-client-go/src/springconfigclient/client.go:57.62,61.35 3 0
github.com/deliveryhero/spring-cloud-config-client-go/src/springconfigclient/client.go:61.35,63.11 2 0
github.com/deliveryhero/spring-cloud-config-client-go/src/springconfigclient/client.go:67.4,69.33 2 0
github.com/deliveryhero/spring-cloud-config-client-go/src/springconfigclient/client.go:63.11,64.13 1 0
github.com/deliveryhero/spring-cloud-config-client-go/src/springconfigclient/client.go:69.33,71.5 1 0
github.com/deliveryhero/spring-cloud-config-client-go/src/springconfigclient/client.go:80.56,82.8 2 0
github.com/deliveryhero/spring-cloud-config-client-go/src/springconfigclient/client.go:86.2,86.23 1 0
github.com/deliveryhero/spring-cloud-config-client-go/src/springconfigclient/client.go:82.8,84.3 1 0
github.com/deliveryhero/spring-cloud-config-client-go/src/springconfighttpclient/client.go:36.43,39.28 2 1
github.com/deliveryhero/spring-cloud-config-client-go/src/springconfighttpclient/client.go:42.2,42.10 1 1
github.com/deliveryhero/spring-cloud-config-client-go/src/springconfighttpclient/client.go:39.28,41.3 1 1
github.com/deliveryhero/spring-cloud-config-client-go/src/springconfighttpclient/client.go:46.50,47.25 1 1
github.com/deliveryhero/spring-cloud-config-client-go/src/springconfighttpclient/client.go:47.25,49.3 1 1
github.com/deliveryhero/spring-cloud-config-client-go/src/springconfighttpclient/client.go:53.50,54.25 1 1
github.com/deliveryhero/spring-cloud-config-client-go/src/springconfighttpclient/client.go:54.25,56.3 1 1
github.com/deliveryhero/spring-cloud-config-client-go/src/springconfighttpclient/client.go:60.40,61.25 1 1
github.com/deliveryhero/spring-cloud-config-client-go/src/springconfighttpclient/client.go:61.25,63.3 1 1
github.com/deliveryhero/spring-cloud-config-client-go/src/springconfighttpclient/client.go:66.64,67.25 1 1
github.com/deliveryhero/spring-cloud-config-client-go/src/springconfighttpclient/client.go:67.25,74.3 5 1
github.com/deliveryhero/spring-cloud-config-client-go/src/springconfighttpclient/client.go:78.54,80.2 1 1
github.com/deliveryhero/spring-cloud-config-client-go/src/springconfighttpclient/client.go:83.54,85.2 1 0
github.com/deliveryhero/spring-cloud-config-client-go/src/springconfighttpclient/client.go:88.55,90.2 1 0
github.com/deliveryhero/spring-cloud-config-client-go/src/springconfighttpclient/client.go:97.27,99.16 2 1
github.com/deliveryhero/spring-cloud-config-client-go/src/springconfighttpclient/client.go:108.2,109.16 2 1
github.com/deliveryhero/spring-cloud-config-client-go/src/springconfighttpclient/client.go:118.2,124.16 6 1
github.com/deliveryhero/spring-cloud-config-client-go/src/springconfighttpclient/client.go:133.2,133.15 1 1
github.com/deliveryhero/spring-cloud-config-client-go/src/springconfighttpclient/client.go:137.2,138.16 2 1
github.com/deliveryhero/spring-cloud-config-client-go/src/springconfighttpclient/client.go:148.2,148.37 1 1
github.com/deliveryhero/spring-cloud-config-client-go/src/springconfighttpclient/client.go:156.2,157.21 2 0
github.com/deliveryhero/spring-cloud-config-client-go/src/springconfighttpclient/client.go:164.2,166.3 1 0
github.com/deliveryhero/spring-cloud-config-client-go/src/springconfighttpclient/client.go:99.16,100.22 1 0
github.com/deliveryhero/spring-cloud-config-client-go/src/springconfighttpclient/client.go:105.3,105.77 1 0
github.com/deliveryhero/spring-cloud-config-client-go/src/springconfighttpclient/client.go:100.22,104.4 1 0
github.com/deliveryhero/spring-cloud-config-client-go/src/springconfighttpclient/client.go:109.16,110.22 1 0
github.com/deliveryhero/spring-cloud-config-client-go/src/springconfighttpclient/client.go:115.3,115.79 1 0
github.com/deliveryhero/spring-cloud-config-client-go/src/springconfighttpclient/client.go:110.22,114.4 1 0
github.com/deliveryhero/spring-cloud-config-client-go/src/springconfighttpclient/client.go:124.16,125.22 1 0
github.com/deliveryhero/spring-cloud-config-client-go/src/springconfighttpclient/client.go:130.3,130.71 1 0
github.com/deliveryhero/spring-cloud-config-client-go/src/springconfighttpclient/client.go:125.22,129.4 1 0
github.com/deliveryhero/spring-cloud-config-client-go/src/springconfighttpclient/client.go:133.15,135.3 1 1
github.com/deliveryhero/spring-cloud-config-client-go/src/springconfighttpclient/client.go:138.16,139.22 1 0
github.com/deliveryhero/spring-cloud-config-client-go/src/springconfighttpclient/client.go:144.3,144.77 1 0
github.com/deliveryhero/spring-cloud-config-client-go/src/springconfighttpclient/client.go:139.22,143.4 1 0
github.com/deliveryhero/spring-cloud-config-client-go/src/springconfighttpclient/client.go:148.37,150.56 2 1
github.com/deliveryhero/spring-cloud-config-client-go/src/springconfighttpclient/client.go:153.3,153.19 1 1
github.com/deliveryhero/spring-cloud-config-client-go/src/springconfighttpclient/client.go:150.56,152.4 1 0
github.com/deliveryhero/spring-cloud-config-client-go/src/springconfighttpclient/client.go:157.21,163.3 1 0
